Starting ChromeDriver 80.0.3987.106 (f68069574609230cf9b635cd784cfb1bf81bb53a-refs/branch-heads/3987@{#882}) on port 9515
Only local connections are allowed.
Please protect ports used by ChromeDriver and related test frameworks to prevent access by malicious code.
[1587219433.417][WARNING]: This version of ChromeDriver has not been tested with Chrome version 81.
[1587219437.602][SEVERE]: Timed out receiving message from renderer: 0.100
[1587219437.705][SEVERE]: Timed out receiving message from renderer: 0.100
[1587219437.807][SEVERE]: Timed out receiving message from renderer: 0.100
[1587219437.910][SEVERE]: Timed out receiving message from renderer: 0.100
[1587219438.012][SEVERE]: Timed out receiving message from renderer: 0.100
[1587219438.113][SEVERE]: Timed out receiving message from renderer: 0.100
[1587219438.216][SEVERE]: Timed out receiving message from renderer: 0.100
[1587219438.319][SEVERE]: Timed out receiving message from renderer: 0.100
[1587219438.421][SEVERE]: Timed out receiving message from renderer: 0.100
[1587219438.524][SEVERE]: Timed out receiving message from renderer: 0.100
[1587219438.627][SEVERE]: Timed out receiving message from renderer: 0.100
[1587219438.729][SEVERE]: Timed out receiving message from renderer: 0.100
[1587219438.831][SEVERE]: Timed out receiving message from renderer: 0.100
[1587219438.932][SEVERE]: Timed out receiving message from renderer: 0.100
[1587219439.034][SEVERE]: Timed out receiving message from renderer: 0.100
[1587219439.136][SEVERE]: Timed out receiving message from renderer: 0.100
[1587219439.239][SEVERE]: Timed out receiving message from renderer: 0.100
[1587219439.341][SEVERE]: Timed out receiving message from renderer: 0.100
[1587219439.443][SEVERE]: Timed out receiving message from renderer: 0.100
[1587219439.544][SEVERE]: Timed out receiving message from renderer: 0.100
[1587219439.646][SEVERE]: Timed out receiving message from renderer: 0.100
[1587219439.749][SEVERE]: Timed out receiving message from renderer: 0.100
[1587219439.850][SEVERE]: Timed out receiving message from renderer: 0.100
[1587219439.953][SEVERE]: Timed out receiving message from renderer: 0.100
[1587219440.056][SEVERE]: Timed out receiving message from renderer: 0.100
[1587219440.157][SEVERE]: Timed out receiving message from renderer: 0.100
[1587219440.264][SEVERE]: Timed out receiving message from renderer: 0.100
[1587219440.368][SEVERE]: Timed out receiving message from renderer: 0.100
[1587219440.470][SEVERE]: Timed out receiving message from renderer: 0.100
[1587219440.572][SEVERE]: Timed out receiving message from renderer: 0.100
[1587219440.674][SEVERE]: Timed out receiving message from renderer: 0.100
[1587219440.776][SEVERE]: Timed out receiving message from renderer: 0.100
[1587219440.878][SEVERE]: Timed out receiving message from renderer: 0.100
[1587219440.983][SEVERE]: Timed out receiving message from renderer: 0.100
[1587219441.085][SEVERE]: Timed out receiving message from renderer: 0.100
[1587219441.189][SEVERE]: Timed out receiving message from renderer: 0.100
[1587219441.291][SEVERE]: Timed out receiving message from renderer: 0.100
[1587219441.393][SEVERE]: Timed out receiving message from renderer: 0.100
[1587219441.494][SEVERE]: Timed out receiving message from renderer: 0.100
[1587219441.596][SEVERE]: Timed out receiving message from renderer: 0.100
[1587219441.698][SEVERE]: Timed out receiving message from renderer: 0.100
[1587219441.802][SEVERE]: Timed out receiving message from renderer: 0.100
[1587219441.904][SEVERE]: Timed out receiving message from renderer: 0.100
[1587219442.007][SEVERE]: Timed out receiving message from renderer: 0.100
[1587219442.108][SEVERE]: Timed out receiving message from renderer: 0.100
[1587219442.679][SEVERE]: Timed out receiving message from renderer: 0.100
[1587219442.781][SEVERE]: Timed out receiving message from renderer: 0.100
[1587219442.883][SEVERE]: Timed out receiving message from renderer: 0.100
[1587219442.986][SEVERE]: Timed out receiving message from renderer: 0.100
[1587219443.088][SEVERE]: Timed out receiving message from renderer: 0.100
[1587219443.191][SEVERE]: Timed out receiving message from renderer: 0.100
[1587219443.295][SEVERE]: Timed out receiving message from renderer: 0.100
[1587219443.407][SEVERE]: Timed out receiving message from renderer: 0.100
[1587219443.537][SEVERE]: Timed out receiving message from renderer: 0.100
[1587219443.640][SEVERE]: Timed out receiving message from renderer: 0.100
[1587219443.741][SEVERE]: Timed out receiving message from renderer: 0.100
[1587219443.843][SEVERE]: Timed out receiving message from renderer: 0.100
[1587219443.945][SEVERE]: Timed out receiving message from renderer: 0.100
[1587219444.047][SEVERE]: Timed out receiving message from renderer: 0.100
[1587219444.150][SEVERE]: Timed out receiving message from renderer: 0.100
[1587219444.253][SEVERE]: Timed out receiving message from renderer: 0.100
[1587219444.355][SEVERE]: Timed out receiving message from renderer: 0.100
[1587219444.456][SEVERE]: Timed out receiving message from renderer: 0.100
[1587219444.593][SEVERE]: Timed out receiving message from renderer: 0.100
[1587219444.695][SEVERE]: Timed out receiving message from renderer: 0.100
[1587219444.797][SEVERE]: Timed out receiving message from renderer: 0.100
[1587219444.900][SEVERE]: Timed out receiving message from renderer: 0.100
[1587219445.001][SEVERE]: Timed out receiving message from renderer: 0.100
[1587219445.105][SEVERE]: Timed out receiving message from renderer: 0.100
[1587219445.208][SEVERE]: Timed out receiving message from renderer: 0.100
[1587219445.309][SEVERE]: Timed out receiving message from renderer: 0.100
[1587219445.412][SEVERE]: Timed out receiving message from renderer: 0.100
[1587219445.514][SEVERE]: Timed out receiving message from renderer: 0.100
[1587219445.616][SEVERE]: Timed out receiving message from renderer: 0.100
[1587219445.718][SEVERE]: Timed out receiving message from renderer: 0.100
[1587219445.820][SEVERE]: Timed out receiving message from renderer: 0.100
[1587219445.923][SEVERE]: Timed out receiving message from renderer: 0.100
[1587219446.025][SEVERE]: Timed out receiving message from renderer: 0.100
[1587219446.127][SEVERE]: Timed out receiving message from renderer: 0.100
[1587219446.229][SEVERE]: Timed out receiving message from renderer: 0.100
[1587219446.332][SEVERE]: Timed out receiving message from renderer: 0.100
[1587219446.435][SEVERE]: Timed out receiving message from renderer: 0.100
[1587219446.537][SEVERE]: Timed out receiving message from renderer: 0.100
[1587219446.640][SEVERE]: Timed out receiving message from renderer: 0.100
[1587219446.742][SEVERE]: Timed out receiving message from renderer: 0.100
[1587219446.845][SEVERE]: Timed out receiving message from renderer: 0.100
[1587219446.947][SEVERE]: Timed out receiving message from renderer: 0.100
[1587219447.049][SEVERE]: Timed out receiving message from renderer: 0.100
[1587219447.152][SEVERE]: Timed out receiving message from renderer: 0.100
[1587219447.253][SEVERE]: Timed out receiving message from renderer: 0.100
[1587219447.356][SEVERE]: Timed out receiving message from renderer: 0.100
[1587219447.459][SEVERE]: Timed out receiving message from renderer: 0.100
[1587219447.562][SEVERE]: Timed out receiving message from renderer: 0.100
[1587219447.664][SEVERE]: Timed out receiving message from renderer: 0.100
[1587219447.831][SEVERE]: Timed out receiving message from renderer: 0.100
[1587219447.954][SEVERE]: Timed out receiving message from renderer: 0.100
[1587219448.056][SEVERE]: Timed out receiving message from renderer: 0.100
[1587219448.159][SEVERE]: Timed out receiving message from renderer: 0.100
[1587219448.262][SEVERE]: Timed out receiving message from renderer: 0.100
[1587219448.467][SEVERE]: Timed out receiving message from renderer: 0.100
[1587219448.570][SEVERE]: Timed out receiving message from renderer: 0.100
[1587219448.672][SEVERE]: Timed out receiving message from renderer: 0.100
[1587219452.407][SEVERE]: Timed out receiving message from renderer: 0.100
[1587219452.510][SEVERE]: Timed out receiving message from renderer: 0.100
[1587219452.612][SEVERE]: Timed out receiving message from renderer: 0.100
[1587219452.714][SEVERE]: Timed out receiving message from renderer: 0.100
[1587219452.815][SEVERE]: Timed out receiving message from renderer: 0.100
[1587219453.220][SEVERE]: Timed out receiving message from renderer: 0.100
[1587219453.380][SEVERE]: Timed out receiving message from renderer: 0.100
[1587219453.481][SEVERE]: Timed out receiving message from renderer: 0.100
[1587219453.583][SEVERE]: Timed out receiving message from renderer: 0.100
[1587219453.768][SEVERE]: Timed out receiving message from renderer: 0.100
[1587219453.870][SEVERE]: Timed out receiving message from renderer: 0.100
[1587219453.972][SEVERE]: Timed out receiving message from renderer: 0.100
[1587219454.074][SEVERE]: Timed out receiving message from renderer: 0.100
[1587219454.175][SEVERE]: Timed out receiving message from renderer: 0.100
[1587219454.278][SEVERE]: Timed out receiving message from renderer: 0.100
[1587219454.380][SEVERE]: Timed out receiving message from renderer: 0.100
[1587219454.482][SEVERE]: Timed out receiving message from renderer: 0.100
[1587219454.584][SEVERE]: Timed out receiving message from renderer: 0.100
[1587219454.686][SEVERE]: Timed out receiving message from renderer: 0.100
[1587219454.789][SEVERE]: Timed out receiving message from renderer: 0.100
[1587219454.891][SEVERE]: Timed out receiving message from renderer: 0.100
[1587219454.992][SEVERE]: Timed out receiving message from renderer: 0.100
[1587219455.095][SEVERE]: Timed out receiving message from renderer: 0.100
[1587219455.197][SEVERE]: Timed out receiving message from renderer: 0.100
[1587219455.300][SEVERE]: Timed out receiving message from renderer: 0.100
[1587219455.402][SEVERE]: Timed out receiving message from renderer: 0.100
[1587219455.505][SEVERE]: Timed out receiving message from renderer: 0.100
[1587219455.607][SEVERE]: Timed out receiving message from renderer: 0.100
[1587219455.710][SEVERE]: Timed out receiving message from renderer: 0.100
[1587219455.812][SEVERE]: Timed out receiving message from renderer: 0.100
[1587219455.916][SEVERE]: Timed out receiving message from renderer: 0.100
[1587219456.019][SEVERE]: Timed out receiving message from renderer: 0.100
[1587219456.120][SEVERE]: Timed out receiving message from renderer: 0.100
[1587219463.500][WARNING]: This version of ChromeDriver has not been tested with Chrome version 81.
[1587219465.460][SEVERE]: Timed out receiving message from renderer: 0.100
[1587219465.563][SEVERE]: Timed out receiving message from renderer: 0.100
[1587219465.664][SEVERE]: Timed out receiving message from renderer: 0.100
[1587219465.767][SEVERE]: Timed out receiving message from renderer: 0.100
[1587219465.868][SEVERE]: Timed out receiving message from renderer: 0.100
[1587219465.972][SEVERE]: Timed out receiving message from renderer: 0.100
[1587219466.074][SEVERE]: Timed out receiving message from renderer: 0.100
[1587219466.176][SEVERE]: Timed out receiving message from renderer: 0.100
[1587219466.299][SEVERE]: Timed out receiving message from renderer: 0.100
[1587219466.400][SEVERE]: Timed out receiving message from renderer: 0.100
[1587219466.503][SEVERE]: Timed out receiving message from renderer: 0.100
[1587219466.604][SEVERE]: Timed out receiving message from renderer: 0.100
[1587219466.708][SEVERE]: Timed out receiving message from renderer: 0.100
[1587219466.810][SEVERE]: Timed out receiving message from renderer: 0.100
[1587219466.913][SEVERE]: Timed out receiving message from renderer: 0.100
[1587219467.015][SEVERE]: Timed out receiving message from renderer: 0.100
[1587219467.118][SEVERE]: Timed out receiving message from renderer: 0.100
[1587219467.220][SEVERE]: Timed out receiving message from renderer: 0.100
[1587219467.322][SEVERE]: Timed out receiving message from renderer: 0.100
[1587219467.423][SEVERE]: Timed out receiving message from renderer: 0.100
[1587219467.524][SEVERE]: Timed out receiving message from renderer: 0.100
[1587219467.626][SEVERE]: Timed out receiving message from renderer: 0.100
[1587219467.729][SEVERE]: Timed out receiving message from renderer: 0.100
[1587219467.831][SEVERE]: Timed out receiving message from renderer: 0.100
[1587219467.933][SEVERE]: Timed out receiving message from renderer: 0.100
[1587219468.035][SEVERE]: Timed out receiving message from renderer: 0.100
[1587219468.138][SEVERE]: Timed out receiving message from renderer: 0.100
[1587219468.241][SEVERE]: Timed out receiving message from renderer: 0.100
[1587219468.342][SEVERE]: Timed out receiving message from renderer: 0.100
[1587219468.444][SEVERE]: Timed out receiving message from renderer: 0.100
[1587219468.546][SEVERE]: Timed out receiving message from renderer: 0.100
[1587219468.649][SEVERE]: Timed out receiving message from renderer: 0.100
[1587219468.751][SEVERE]: Timed out receiving message from renderer: 0.100
[1587219468.854][SEVERE]: Timed out receiving message from renderer: 0.100
[1587219468.956][SEVERE]: Timed out receiving message from renderer: 0.100
[1587219469.057][SEVERE]: Timed out receiving message from renderer: 0.100
[1587219469.159][SEVERE]: Timed out receiving message from renderer: 0.100
[1587219469.261][SEVERE]: Timed out receiving message from renderer: 0.100
[1587219469.363][SEVERE]: Timed out receiving message from renderer: 0.100
[1587219469.465][SEVERE]: Timed out receiving message from renderer: 0.100
[1587219469.568][SEVERE]: Timed out receiving message from renderer: 0.100
[1587219469.670][SEVERE]: Timed out receiving message from renderer: 0.100
[1587219469.772][SEVERE]: Timed out receiving message from renderer: 0.100
[1587219469.875][SEVERE]: Timed out receiving message from renderer: 0.100
[1587219469.976][SEVERE]: Timed out receiving message from renderer: 0.100
[1587219470.078][SEVERE]: Timed out receiving message from renderer: 0.100
[1587219470.180][SEVERE]: Timed out receiving message from renderer: 0.100
[1587219470.281][SEVERE]: Timed out receiving message from renderer: 0.100
[1587219470.384][SEVERE]: Timed out receiving message from renderer: 0.100
[1587219470.486][SEVERE]: Timed out receiving message from renderer: 0.100
[1587219470.669][SEVERE]: Timed out receiving message from renderer: 0.100
[1587219470.771][SEVERE]: Timed out receiving message from renderer: 0.100
[1587219470.873][SEVERE]: Timed out receiving message from renderer: 0.100
[1587219470.976][SEVERE]: Timed out receiving message from renderer: 0.100
[1587219471.079][SEVERE]: Timed out receiving message from renderer: 0.100
[1587219471.180][SEVERE]: Timed out receiving message from renderer: 0.100
[1587219471.283][SEVERE]: Timed out receiving message from renderer: 0.100
[1587219471.386][SEVERE]: Timed out receiving message from renderer: 0.100
[1587219471.487][SEVERE]: Timed out receiving message from renderer: 0.100
[1587219471.591][SEVERE]: Timed out receiving message from renderer: 0.100
[1587219471.693][SEVERE]: Timed out receiving message from renderer: 0.100
[1587219471.796][SEVERE]: Timed out receiving message from renderer: 0.100
[1587219471.898][SEVERE]: Timed out receiving message from renderer: 0.100
[1587219472.001][SEVERE]: Timed out receiving message from renderer: 0.100
[1587219472.102][SEVERE]: Timed out receiving message from renderer: 0.100
[1587219472.204][SEVERE]: Timed out receiving message from renderer: 0.100
[1587219472.307][SEVERE]: Timed out receiving message from renderer: 0.100
[1587219472.409][SEVERE]: Timed out receiving message from renderer: 0.100
[1587219472.514][SEVERE]: Timed out receiving message from renderer: 0.100
[1587219472.616][SEVERE]: Timed out receiving message from renderer: 0.100
[1587219472.719][SEVERE]: Timed out receiving message from renderer: 0.100
[1587219472.821][SEVERE]: Timed out receiving message from renderer: 0.100
[1587219472.923][SEVERE]: Timed out receiving message from renderer: 0.100
[1587219473.025][SEVERE]: Timed out receiving message from renderer: 0.100
[1587219473.128][SEVERE]: Timed out receiving message from renderer: 0.100
[1587219473.230][SEVERE]: Timed out receiving message from renderer: 0.100
[1587219473.333][SEVERE]: Timed out receiving message from renderer: 0.100
[1587219473.434][SEVERE]: Timed out receiving message from renderer: 0.100
[1587219473.536][SEVERE]: Timed out receiving message from renderer: 0.100
[1587219473.639][SEVERE]: Timed out receiving message from renderer: 0.100
[1587219473.740][SEVERE]: Timed out receiving message from renderer: 0.100
[1587219473.842][SEVERE]: Timed out receiving message from renderer: 0.100
[1587219473.972][SEVERE]: Timed out receiving message from renderer: 0.100
[1587219474.075][SEVERE]: Timed out receiving message from renderer: 0.100
[1587219474.178][SEVERE]: Timed out receiving message from renderer: 0.100
[1587219474.282][SEVERE]: Timed out receiving message from renderer: 0.100
[1587219474.384][SEVERE]: Timed out receiving message from renderer: 0.100
[1587219474.486][SEVERE]: Timed out receiving message from renderer: 0.100
[1587219474.589][SEVERE]: Timed out receiving message from renderer: 0.100
[1587219474.691][SEVERE]: Timed out receiving message from renderer: 0.100
[1587219474.793][SEVERE]: Timed out receiving message from renderer: 0.100
[1587219474.897][SEVERE]: Timed out receiving message from renderer: 0.100
[1587219475.001][SEVERE]: Timed out receiving message from renderer: 0.100
[1587219475.105][SEVERE]: Timed out receiving message from renderer: 0.100
[1587219475.207][SEVERE]: Timed out receiving message from renderer: 0.100
[1587219475.309][SEVERE]: Timed out receiving message from renderer: 0.100
[1587219475.411][SEVERE]: Timed out receiving message from renderer: 0.100
[1587219475.608][SEVERE]: Timed out receiving message from renderer: 0.100
[1587219475.710][SEVERE]: Timed out receiving message from renderer: 0.100
[1587219475.812][SEVERE]: Timed out receiving message from renderer: 0.100
[1587219475.914][SEVERE]: Timed out receiving message from renderer: 0.100
[1587219476.016][SEVERE]: Timed out receiving message from renderer: 0.100
[1587219476.117][SEVERE]: Timed out receiving message from renderer: 0.100
[1587219476.221][SEVERE]: Timed out receiving message from renderer: 0.100
[1587219476.323][SEVERE]: Timed out receiving message from renderer: 0.100
[1587219476.426][SEVERE]: Timed out receiving message from renderer: 0.100
[1587219476.529][SEVERE]: Timed out receiving message from renderer: 0.100
[1587219476.713][SEVERE]: Timed out receiving message from renderer: 0.100
[1587219476.816][SEVERE]: Timed out receiving message from renderer: 0.100
[1587219476.918][SEVERE]: Timed out receiving message from renderer: 0.100
[1587219477.020][SEVERE]: Timed out receiving message from renderer: 0.100
[1587219477.123][SEVERE]: Timed out receiving message from renderer: 0.100
[1587219477.226][SEVERE]: Timed out receiving message from renderer: 0.100
[1587219477.328][SEVERE]: Timed out receiving message from renderer: 0.100
[1587219477.432][SEVERE]: Timed out receiving message from renderer: 0.100
[1587219477.533][SEVERE]: Timed out receiving message from renderer: 0.100
[1587219477.635][SEVERE]: Timed out receiving message from renderer: 0.100
[1587219477.738][SEVERE]: Timed out receiving message from renderer: 0.100
[1587219477.841][SEVERE]: Timed out receiving message from renderer: 0.100
[1587219477.943][SEVERE]: Timed out receiving message from renderer: 0.100
[1587219478.143][SEVERE]: Timed out receiving message from renderer: 0.100
[1587219478.288][SEVERE]: Timed out receiving message from renderer: 0.100
[1587219478.391][SEVERE]: Timed out receiving message from renderer: 0.100
[1587219478.493][SEVERE]: Timed out receiving message from renderer: 0.100
